<?xml version="1.0" ?>
<testsuites disabled="0" errors="0" failures="27" tests="142" time="0.0">
	<testsuite disabled="0" errors="0" failures="16" name="terraform scan" skipped="0" tests="70" time="0">
		<properties>
			<property name="directory" value="['terraform/']"/>
			<property name="add_check" value="False"/>
			<property name="list" value="False"/>
			<property name="output" value="['junitxml']"/>
			<property name="output_bc_ids" value="False"/>
			<property name="include_all_checkov_policies" value="True"/>
			<property name="quiet" value="False"/>
			<property name="compact" value="False"/>
			<property name="framework" value="['all']"/>
			<property name="skip_framework" value="[]"/>
			<property name="run_all_external_checks" value="False"/>
			<property name="soft_fail" value="False"/>
			<property name="skip_results_upload" value="False"/>
			<property name="repo_id" value="cli_repo/terraform"/>
			<property name="branch" value="master"/>
			<property name="skip_download" value="False"/>
			<property name="use_enforcement_rules" value="False"/>
			<property name="external_modules_download_path" value=".external_modules"/>
			<property name="evaluate_variables" value="True"/>
			<property name="no_cert_verify" value="False"/>
			<property name="create_baseline" value="False"/>
			<property name="output_baseline_as_skipped" value="False"/>
			<property name="secrets_scan_file_type" value="[]"/>
			<property name="enable_secret_scan_all_files" value="False"/>
			<property name="block_list_secret_scan" value="[]"/>
			<property name="summary_position" value="top"/>
			<property name="skip_resources_without_violations" value="False"/>
			<property name="deep_analysis" value="False"/>
			<property name="no_fail_on_crash" value="False"/>
			<property name="mask" value="defaultdict(&lt;class 'set'&gt;, {})"/>
			<property name="scan_secrets_history" value="False"/>
			<property name="secrets_history_timeout" value="12h"/>
			<property name="custom_tool_name" value="Checkov"/>
		</properties>
		<testcase name="[NONE][CKV_AWS_41] Ensure no hard coded AWS access key and secret key exists in provider" classname="/environments/dev/providers.tf.aws.default" file="/environments/dev/providers.tf"/>
		<testcase name="[NONE][CKV_AWS_386] Reduce potential for WhoAMI cloud image name confusion attack" classname="/modules/ec2/main.tf.module.ec2_jump_host.aws_ami.amazon_linux_2" file="/modules/ec2/main.tf"/>
		<testcase name="[NONE][CKV_AWS_46] Ensure no hard-coded secrets exist in EC2 user data" classname="/modules/ec2/main.tf.module.ec2_jump_host.aws_instance.jump_host" file="/modules/ec2/main.tf"/>
		<testcase name="[NONE][CKV_AWS_126] Ensure that detailed monitoring is enabled for EC2 instances" classname="/modules/ec2/main.tf.module.ec2_jump_host.aws_instance.jump_host" file="/modules/ec2/main.tf"/>
		<testcase name="[NONE][CKV_AWS_88] EC2 instance should not have public IP." classname="/modules/ec2/main.tf.module.ec2_jump_host.aws_instance.jump_host" file="/modules/ec2/main.tf"/>
		<testcase name="[NONE][CKV_AWS_8] Ensure all data stored in the Launch configuration or instance Elastic Blocks Store is securely encrypted" classname="/modules/ec2/main.tf.module.ec2_jump_host.aws_instance.jump_host" file="/modules/ec2/main.tf"/>
		<testcase name="[NONE][CKV_AWS_100] Ensure AWS EKS node group does not have implicit SSH access from 0.0.0.0/0" classname="/modules/eks/main.tf.module.eks.aws_eks_node_group.ondemand-node" file="/modules/eks/main.tf"/>
		<testcase name="[NONE][CKV_AWS_100] Ensure AWS EKS node group does not have implicit SSH access from 0.0.0.0/0" classname="/modules/eks/main.tf.module.eks.aws_eks_node_group.spot-node" file="/modules/eks/main.tf"/>
		<testcase name="[NONE][CKV_AWS_1] Ensure IAM policies that allow full &quot;*-*&quot; administrative privileges are not created" classname="/modules/secret/iam/main.tf.module.iam.aws_iam_policy_document.eks_oidc_assume_role_policy" file="/modules/secret/iam/main.tf"/>
		<testcase name="[NONE][CKV_AWS_358] Ensure AWS GitHub Actions OIDC authorization policies only allow safe claims and claim order" classname="/modules/secret/iam/main.tf.module.iam.aws_iam_policy_document.eks_oidc_assume_role_policy" file="/modules/secret/iam/main.tf"/>
		<testcase name="[NONE][CKV_AWS_107] Ensure IAM policies does not allow credentials exposure" classname="/modules/secret/iam/main.tf.module.iam.aws_iam_policy_document.eks_oidc_assume_role_policy" file="/modules/secret/iam/main.tf"/>
		<testcase name="[NONE][CKV_AWS_108] Ensure IAM policies does not allow data exfiltration" classname="/modules/secret/iam/main.tf.module.iam.aws_iam_policy_document.eks_oidc_assume_role_policy" file="/modules/secret/iam/main.tf"/>
		<testcase name="[NONE][CKV_AWS_109] Ensure IAM policies does not allow permissions management / resource exposure without constraints" classname="/modules/secret/iam/main.tf.module.iam.aws_iam_policy_document.eks_oidc_assume_role_policy" file="/modules/secret/iam/main.tf"/>
		<testcase name="[NONE][CKV_AWS_110] Ensure IAM policies does not allow privilege escalation" classname="/modules/secret/iam/main.tf.module.iam.aws_iam_policy_document.eks_oidc_assume_role_policy" file="/modules/secret/iam/main.tf"/>
		<testcase name="[NONE][CKV_AWS_283] Ensure no IAM policies documents allow ALL or any AWS principal permissions to the resource" classname="/modules/secret/iam/main.tf.module.iam.aws_iam_policy_document.eks_oidc_assume_role_policy" file="/modules/secret/iam/main.tf"/>
		<testcase name="[NONE][CKV_AWS_111] Ensure IAM policies does not allow write access without constraints" classname="/modules/secret/iam/main.tf.module.iam.aws_iam_policy_document.eks_oidc_assume_role_policy" file="/modules/secret/iam/main.tf"/>
		<testcase name="[NONE][CKV_AWS_356] Ensure no IAM policies documents allow &quot;*&quot; as a statement's resource for restrictable actions" classname="/modules/secret/iam/main.tf.module.iam.aws_iam_policy_document.eks_oidc_assume_role_policy" file="/modules/secret/iam/main.tf"/>
		<testcase name="[NONE][CKV_AWS_49] Ensure no IAM policies documents allow &quot;*&quot; as a statement's actions" classname="/modules/secret/iam/main.tf.module.iam.aws_iam_policy_document.eks_oidc_assume_role_policy" file="/modules/secret/iam/main.tf"/>
		<testcase name="[NONE][CKV_AWS_274] Disallow IAM roles, users, and groups from using the AWS AdministratorAccess policy" classname="/modules/secret/iam/main.tf.module.iam.aws_iam_role.eks-cluster-role" file="/modules/secret/iam/main.tf"/>
		<testcase name="[NONE][CKV_AWS_61] Ensure AWS IAM policy does not allow assume role permission across all services" classname="/modules/secret/iam/main.tf.module.iam.aws_iam_role.eks-cluster-role" file="/modules/secret/iam/main.tf"/>
		<testcase name="[NONE][CKV_AWS_60] Ensure IAM role allows only specific services or principals to assume it" classname="/modules/secret/iam/main.tf.module.iam.aws_iam_role.eks-cluster-role" file="/modules/secret/iam/main.tf"/>
		<testcase name="[NONE][CKV_AWS_274] Disallow IAM roles, users, and groups from using the AWS AdministratorAccess policy" classname="/modules/secret/iam/main.tf.module.iam.aws_iam_role_policy_attachment.AmazonEKSClusterPolicy" file="/modules/secret/iam/main.tf"/>
		<testcase name="[NONE][CKV_AWS_274] Disallow IAM roles, users, and groups from using the AWS AdministratorAccess policy" classname="/modules/secret/iam/main.tf.module.iam.aws_iam_role.eks-nodegroup-role" file="/modules/secret/iam/main.tf"/>
		<testcase name="[NONE][CKV_AWS_61] Ensure AWS IAM policy does not allow assume role permission across all services" classname="/modules/secret/iam/main.tf.module.iam.aws_iam_role.eks-nodegroup-role" file="/modules/secret/iam/main.tf"/>
		<testcase name="[NONE][CKV_AWS_60] Ensure IAM role allows only specific services or principals to assume it" classname="/modules/secret/iam/main.tf.module.iam.aws_iam_role.eks-nodegroup-role" file="/modules/secret/iam/main.tf"/>
		<testcase name="[NONE][CKV_AWS_274] Disallow IAM roles, users, and groups from using the AWS AdministratorAccess policy" classname="/modules/secret/iam/main.tf.module.iam.aws_iam_role_policy_attachment.node-policies" file="/modules/secret/iam/main.tf"/>
		<testcase name="[NONE][CKV_AWS_274] Disallow IAM roles, users, and groups from using the AWS AdministratorAccess policy" classname="/modules/secret/iam/main.tf.module.iam.aws_iam_role.eks_oidc" file="/modules/secret/iam/main.tf"/>
		<testcase name="[NONE][CKV_AWS_61] Ensure AWS IAM policy does not allow assume role permission across all services" classname="/modules/secret/iam/main.tf.module.iam.aws_iam_role.eks_oidc" file="/modules/secret/iam/main.tf"/>
		<testcase name="[NONE][CKV_AWS_60] Ensure IAM role allows only specific services or principals to assume it" classname="/modules/secret/iam/main.tf.module.iam.aws_iam_role.eks_oidc" file="/modules/secret/iam/main.tf"/>
		<testcase name="[NONE][CKV_AWS_62] Ensure IAM policies that allow full &quot;*-*&quot; administrative privileges are not created" classname="/modules/secret/iam/main.tf.module.iam.aws_iam_policy.eks-oidc-policy" file="/modules/secret/iam/main.tf"/>
		<testcase name="[NONE][CKV_AWS_63] Ensure no IAM policies documents allow &quot;*&quot; as a statement's actions" classname="/modules/secret/iam/main.tf.module.iam.aws_iam_policy.eks-oidc-policy" file="/modules/secret/iam/main.tf"/>
		<testcase name="[NONE][CKV_AWS_274] Disallow IAM roles, users, and groups from using the AWS AdministratorAccess policy" classname="/modules/secret/iam/main.tf.module.iam.aws_iam_role_policy_attachment.eks-oidc-policy-attach" file="/modules/secret/iam/main.tf"/>
		<testcase name="[NONE][CKV_AWS_23] Ensure every security group and rule has a description" classname="/modules/security_group/main.tf.module.finishline_sg.aws_security_group.finishline_sg" file="/modules/security_group/main.tf"/>
		<testcase name="[NONE][CKV_AWS_24] Ensure no security groups allow ingress from 0.0.0.0:0 to port 22" classname="/modules/security_group/main.tf.module.finishline_sg.aws_security_group.finishline_sg" file="/modules/security_group/main.tf"/>
		<testcase name="[NONE][CKV_AWS_25] Ensure no security groups allow ingress from 0.0.0.0:0 to port 3389" classname="/modules/security_group/main.tf.module.finishline_sg.aws_security_group.finishline_sg" file="/modules/security_group/main.tf"/>
		<testcase name="[NONE][CKV_AWS_260] Ensure no security groups allow ingress from 0.0.0.0:0 to port 80" classname="/modules/security_group/main.tf.module.finishline_sg.aws_security_group.finishline_sg" file="/modules/security_group/main.tf"/>
		<testcase name="[NONE][CKV_AWS_277] Ensure no security groups allow ingress from 0.0.0.0:0 to port -1" classname="/modules/security_group/main.tf.module.finishline_sg.aws_security_group.finishline_sg" file="/modules/security_group/main.tf"/>
		<testcase name="[NONE][CKV_AWS_23] Ensure every security group and rule has a description" classname="/modules/security_group/main.tf.module.ec2_jump_host.module.security_group.aws_security_group.finishline_sg" file="/modules/security_group/main.tf"/>
		<testcase name="[NONE][CKV_AWS_25] Ensure no security groups allow ingress from 0.0.0.0:0 to port 3389" classname="/modules/security_group/main.tf.module.ec2_jump_host.module.security_group.aws_security_group.finishline_sg" file="/modules/security_group/main.tf"/>
		<testcase name="[NONE][CKV_AWS_260] Ensure no security groups allow ingress from 0.0.0.0:0 to port 80" classname="/modules/security_group/main.tf.module.ec2_jump_host.module.security_group.aws_security_group.finishline_sg" file="/modules/security_group/main.tf"/>
		<testcase name="[NONE][CKV_AWS_277] Ensure no security groups allow ingress from 0.0.0.0:0 to port -1" classname="/modules/security_group/main.tf.module.ec2_jump_host.module.security_group.aws_security_group.finishline_sg" file="/modules/security_group/main.tf"/>
		<testcase name="[NONE][CKV_AWS_130] Ensure VPC subnets do not assign public IP by default" classname="/modules/vpc/main.tf.module.vpc.aws_subnet.finishline_private_subnet[0]" file="/modules/vpc/main.tf"/>
		<testcase name="[NONE][CKV_AWS_130] Ensure VPC subnets do not assign public IP by default" classname="/modules/vpc/main.tf.module.vpc.aws_subnet.finishline_private_subnet[1]" file="/modules/vpc/main.tf"/>
		<testcase name="[NONE][CKV_AWS_130] Ensure VPC subnets do not assign public IP by default" classname="/modules/vpc/main.tf.module.vpc.aws_subnet.finishline_private_subnet[2]" file="/modules/vpc/main.tf"/>
		<testcase name="[NONE][CKV2_AWS_35] AWS NAT Gateways should be utilized for the default route" classname="/modules/vpc/main.tf.module.vpc.aws_route_table.public" file="/modules/vpc/main.tf"/>
		<testcase name="[NONE][CKV2_AWS_35] AWS NAT Gateways should be utilized for the default route" classname="/modules/vpc/main.tf.module.vpc.aws_route_table.private" file="/modules/vpc/main.tf"/>
		<testcase name="[NONE][CKV2_AWS_56] Ensure AWS Managed IAMFullAccess IAM policy is not used." classname="/modules/secret/iam/main.tf.module.iam.aws_iam_role_policy_attachment.AmazonEKSClusterPolicy" file="/modules/secret/iam/main.tf"/>
		<testcase name="[NONE][CKV2_AWS_56] Ensure AWS Managed IAMFullAccess IAM policy is not used." classname="/modules/secret/iam/main.tf.module.iam.aws_iam_role_policy_attachment.node-policies" file="/modules/secret/iam/main.tf"/>
		<testcase name="[NONE][CKV2_AWS_19] Ensure that all EIP addresses allocated to a VPC are attached to EC2 instances" classname="/modules/ec2/main.tf.module.ec2_jump_host.aws_eip.jump_host" file="/modules/ec2/main.tf"/>
		<testcase name="[NONE][CKV2_AWS_40] Ensure AWS IAM policy does not allow full IAM privileges" classname="/modules/secret/iam/main.tf.module.iam.aws_iam_policy_document.eks_oidc_assume_role_policy" file="/modules/secret/iam/main.tf"/>
		<testcase name="[NONE][CKV2_AWS_40] Ensure AWS IAM policy does not allow full IAM privileges" classname="/modules/secret/iam/main.tf.module.iam.aws_iam_policy.eks-oidc-policy" file="/modules/secret/iam/main.tf"/>
		<testcase name="[NONE][CKV2_AWS_5] Ensure that Security Groups are attached to another resource" classname="/modules/security_group/main.tf.module.ec2_jump_host.module.security_group.aws_security_group.finishline_sg" file="/modules/security_group/main.tf"/>
		<testcase name="[NONE][CKV2_AWS_44] Ensure AWS route table with VPC peering does not contain routes overly permissive to all traffic" classname="/modules/vpc/main.tf.module.vpc.aws_route_table.public" file="/modules/vpc/main.tf"/>
		<testcase name="[NONE][CKV2_AWS_44] Ensure AWS route table with VPC peering does not contain routes overly permissive to all traffic" classname="/modules/vpc/main.tf.module.vpc.aws_route_table.private" file="/modules/vpc/main.tf"/>
		<testcase name="[NONE][CKV_AWS_135] Ensure that EC2 is EBS optimized" classname="/modules/ec2/main.tf.module.ec2_jump_host.aws_instance.jump_host" file="/modules/ec2/main.tf">
			<failure type="failure" message="Ensure that EC2 is EBS optimized">
Resource: module.ec2_jump_host.aws_instance.jump_host
File: /modules/ec2/main.tf: 43-71
Guideline: https://docs.prismacloud.io/en/enterprise-edition/policy-reference/aws-policies/aws-general-policies/ensure-that-ec2-is-ebs-optimized

		43 | resource "aws_instance" "jump_host" {
		44 |   ami                    = var.ami_id == "" ? data.aws_ami.amazon_linux_2.id : var.ami_id
		45 |   instance_type          = var.jump_host_instance_type
		46 |   subnet_id              = var.public_subnet_ids[0]
		47 |   vpc_security_group_ids = [module.security_group.finishline_sg_id]
		48 |   key_name               = module.key_pair.key_name
		49 | 
		50 |   root_block_device {
		51 |     volume_size           = var.root_volume_size
		52 |     volume_type           = "gp3"
		53 |     encrypted             = true
		54 |     delete_on_termination = true
		55 |   }
		56 | 
		57 |   monitoring                  = var.enable_monitoring
		58 |   user_data_base64            = var.user_data_base64
		59 |   user_data_replace_on_change = true
		60 | 
		61 |   tags = merge({
		62 |     Name        = "${var.project_name}-${var.environment}-jump-host"
		63 |     Environment = var.environment
		64 |     Project     = var.project_name
		65 |     Component   = var.component
		66 |     ManagedBy   = var.manage_by
		67 |     Tier        = "Management"
		68 |     CostCenter  = var.cost_center
		69 |   }, var.tags)
		70 | 
		71 | }
</failure>
		</testcase>
		<testcase name="[NONE][CKV_AWS_79] Ensure Instance Metadata Service Version 1 is not enabled" classname="/modules/ec2/main.tf.module.ec2_jump_host.aws_instance.jump_host" file="/modules/ec2/main.tf">
			<failure type="failure" message="Ensure Instance Metadata Service Version 1 is not enabled">
Resource: module.ec2_jump_host.aws_instance.jump_host
File: /modules/ec2/main.tf: 43-71
Guideline: https://docs.prismacloud.io/en/enterprise-edition/policy-reference/aws-policies/aws-general-policies/bc-aws-general-31

		43 | resource "aws_instance" "jump_host" {
		44 |   ami                    = var.ami_id == "" ? data.aws_ami.amazon_linux_2.id : var.ami_id
		45 |   instance_type          = var.jump_host_instance_type
		46 |   subnet_id              = var.public_subnet_ids[0]
		47 |   vpc_security_group_ids = [module.security_group.finishline_sg_id]
		48 |   key_name               = module.key_pair.key_name
		49 | 
		50 |   root_block_device {
		51 |     volume_size           = var.root_volume_size
		52 |     volume_type           = "gp3"
		53 |     encrypted             = true
		54 |     delete_on_termination = true
		55 |   }
		56 | 
		57 |   monitoring                  = var.enable_monitoring
		58 |   user_data_base64            = var.user_data_base64
		59 |   user_data_replace_on_change = true
		60 | 
		61 |   tags = merge({
		62 |     Name        = "${var.project_name}-${var.environment}-jump-host"
		63 |     Environment = var.environment
		64 |     Project     = var.project_name
		65 |     Component   = var.component
		66 |     ManagedBy   = var.manage_by
		67 |     Tier        = "Management"
		68 |     CostCenter  = var.cost_center
		69 |   }, var.tags)
		70 | 
		71 | }
</failure>
		</testcase>
		<testcase name="[NONE][CKV_AWS_37] Ensure Amazon EKS control plane logging is enabled for all log types" classname="/modules/eks/main.tf.module.eks.aws_eks_cluster.eks" file="/modules/eks/main.tf">
			<failure type="failure" message="Ensure Amazon EKS control plane logging is enabled for all log types">
Resource: module.eks.aws_eks_cluster.eks
File: /modules/eks/main.tf: 12-56
Guideline: https://docs.prismacloud.io/en/enterprise-edition/policy-reference/aws-policies/aws-kubernetes-policies/bc-aws-kubernetes-4

		12 | resource "aws_eks_cluster" "eks" {
		13 |   count    = var.is_eks_cluster_enabled ? 1 : 0
		14 |   name     = var.cluster_name
		15 |   role_arn = var.cluster_role_arn
		16 |   version  = var.cluster_version
		17 | 
		18 |   enabled_cluster_log_types = var.cluster_enabled_log_types
		19 | 
		20 |   vpc_config {
		21 |     subnet_ids              = var.subnet_ids
		22 |     endpoint_private_access = var.endpoint_private_access
		23 |     endpoint_public_access  = var.endpoint_public_access
		24 |     security_group_ids      = var.security_group_ids
		25 |   }
		26 | 
		27 |   access_config {
		28 |     authentication_mode                         = "CONFIG_MAP"
		29 |     bootstrap_cluster_creator_admin_permissions = true
		30 |   }
		31 | 
		32 |   # Explicitly disable EKS Auto Mode — using managed node groups instead.
		33 |   # Required with AWS provider ≥ 6.x which may default to Auto Mode.
		34 |   compute_config {
		35 |     enabled = false
		36 |   }
		37 | 
		38 |   storage_config {
		39 |     block_storage {
		40 |       enabled = false
		41 |     }
		42 |   }
		43 | 
		44 |   kubernetes_network_config {
		45 |     elastic_load_balancing {
		46 |       enabled = false
		47 |     }
		48 |   }
		49 | 
		50 |   tags = {
		51 |     Name         = var.cluster_name
		52 |     environment  = var.environment
		53 |     project_name = var.project_name
		54 |     manage_by    = var.manage_by
		55 |   }
		56 | }
</failure>
		</testcase>
		<testcase name="[NONE][CKV_AWS_38] Ensure Amazon EKS public endpoint not accessible to 0.0.0.0/0" classname="/modules/eks/main.tf.module.eks.aws_eks_cluster.eks" file="/modules/eks/main.tf">
			<failure type="failure" message="Ensure Amazon EKS public endpoint not accessible to 0.0.0.0/0">
Resource: module.eks.aws_eks_cluster.eks
File: /modules/eks/main.tf: 12-56
Guideline: https://docs.prismacloud.io/en/enterprise-edition/policy-reference/aws-policies/aws-kubernetes-policies/bc-aws-kubernetes-1

		12 | resource "aws_eks_cluster" "eks" {
		13 |   count    = var.is_eks_cluster_enabled ? 1 : 0
		14 |   name     = var.cluster_name
		15 |   role_arn = var.cluster_role_arn
		16 |   version  = var.cluster_version
		17 | 
		18 |   enabled_cluster_log_types = var.cluster_enabled_log_types
		19 | 
		20 |   vpc_config {
		21 |     subnet_ids              = var.subnet_ids
		22 |     endpoint_private_access = var.endpoint_private_access
		23 |     endpoint_public_access  = var.endpoint_public_access
		24 |     security_group_ids      = var.security_group_ids
		25 |   }
		26 | 
		27 |   access_config {
		28 |     authentication_mode                         = "CONFIG_MAP"
		29 |     bootstrap_cluster_creator_admin_permissions = true
		30 |   }
		31 | 
		32 |   # Explicitly disable EKS Auto Mode — using managed node groups instead.
		33 |   # Required with AWS provider ≥ 6.x which may default to Auto Mode.
		34 |   compute_config {
		35 |     enabled = false
		36 |   }
		37 | 
		38 |   storage_config {
		39 |     block_storage {
		40 |       enabled = false
		41 |     }
		42 |   }
		43 | 
		44 |   kubernetes_network_config {
		45 |     elastic_load_balancing {
		46 |       enabled = false
		47 |     }
		48 |   }
		49 | 
		50 |   tags = {
		51 |     Name         = var.cluster_name
		52 |     environment  = var.environment
		53 |     project_name = var.project_name
		54 |     manage_by    = var.manage_by
		55 |   }
		56 | }
</failure>
		</testcase>
		<testcase name="[NONE][CKV_AWS_58] Ensure EKS Cluster has Secrets Encryption Enabled" classname="/modules/eks/main.tf.module.eks.aws_eks_cluster.eks" file="/modules/eks/main.tf">
			<failure type="failure" message="Ensure EKS Cluster has Secrets Encryption Enabled">
Resource: module.eks.aws_eks_cluster.eks
File: /modules/eks/main.tf: 12-56
Guideline: https://docs.prismacloud.io/en/enterprise-edition/policy-reference/aws-policies/aws-kubernetes-policies/bc-aws-kubernetes-3

		12 | resource "aws_eks_cluster" "eks" {
		13 |   count    = var.is_eks_cluster_enabled ? 1 : 0
		14 |   name     = var.cluster_name
		15 |   role_arn = var.cluster_role_arn
		16 |   version  = var.cluster_version
		17 | 
		18 |   enabled_cluster_log_types = var.cluster_enabled_log_types
		19 | 
		20 |   vpc_config {
		21 |     subnet_ids              = var.subnet_ids
		22 |     endpoint_private_access = var.endpoint_private_access
		23 |     endpoint_public_access  = var.endpoint_public_access
		24 |     security_group_ids      = var.security_group_ids
		25 |   }
		26 | 
		27 |   access_config {
		28 |     authentication_mode                         = "CONFIG_MAP"
		29 |     bootstrap_cluster_creator_admin_permissions = true
		30 |   }
		31 | 
		32 |   # Explicitly disable EKS Auto Mode — using managed node groups instead.
		33 |   # Required with AWS provider ≥ 6.x which may default to Auto Mode.
		34 |   compute_config {
		35 |     enabled = false
		36 |   }
		37 | 
		38 |   storage_config {
		39 |     block_storage {
		40 |       enabled = false
		41 |     }
		42 |   }
		43 | 
		44 |   kubernetes_network_config {
		45 |     elastic_load_balancing {
		46 |       enabled = false
		47 |     }
		48 |   }
		49 | 
		50 |   tags = {
		51 |     Name         = var.cluster_name
		52 |     environment  = var.environment
		53 |     project_name = var.project_name
		54 |     manage_by    = var.manage_by
		55 |   }
		56 | }
</failure>
		</testcase>
		<testcase name="[NONE][CKV_AWS_382] Ensure no security groups allow egress from 0.0.0.0:0 to port -1" classname="/modules/security_group/main.tf.module.finishline_sg.aws_security_group.finishline_sg" file="/modules/security_group/main.tf">
			<failure type="failure" message="Ensure no security groups allow egress from 0.0.0.0:0 to port -1">
Resource: module.finishline_sg.aws_security_group.finishline_sg
File: /modules/security_group/main.tf: 1-34
Guideline: https://docs.prismacloud.io/en/enterprise-edition/policy-reference/aws-policies/aws-networking-policies/bc-aws-382

		1  | resource "aws_security_group" "finishline_sg" {
		2  |   name        = "finishline_sg_${var.project_name}"
		3  |   description = "Allow inbound/outbound traffic for Finishline"
		4  |   vpc_id      = var.vpc_id
		5  | 
		6  |   dynamic "ingress" {
		7  |     for_each = var.ingress_rules
		8  | 
		9  |     content {
		10 |       description = ingress.value.description
		11 |       from_port   = ingress.value.from_port
		12 |       to_port     = ingress.value.to_port
		13 |       protocol    = ingress.value.protocol
		14 |       cidr_blocks = ingress.value.cidr_blocks
		15 |     }
		16 |   }
		17 | 
		18 |   egress {
		19 |     description = "Allow all outbound traffic"
		20 |     from_port   = 0
		21 |     to_port     = 0
		22 |     protocol    = "-1"
		23 |     cidr_blocks = ["0.0.0.0/0"] # Allow all outbound traffic
		24 |   }
		25 | 
		26 |   tags = {
		27 |     Name        = "finishline_sg_${var.project_name}"
		28 |     Project     = var.project_name
		29 |     Environment = var.environment
		30 |     ManageBy    = var.manage_by
		31 |     Terraform   = "true"
		32 |   }
		33 | 
		34 | }
</failure>
		</testcase>
		<testcase name="[NONE][CKV_AWS_382] Ensure no security groups allow egress from 0.0.0.0:0 to port -1" classname="/modules/security_group/main.tf.module.ec2_jump_host.module.security_group.aws_security_group.finishline_sg" file="/modules/security_group/main.tf">
			<failure type="failure" message="Ensure no security groups allow egress from 0.0.0.0:0 to port -1">
Resource: module.ec2_jump_host.module.security_group.aws_security_group.finishline_sg
File: /modules/security_group/main.tf: 1-34
Guideline: https://docs.prismacloud.io/en/enterprise-edition/policy-reference/aws-policies/aws-networking-policies/bc-aws-382

		1  | resource "aws_security_group" "finishline_sg" {
		2  |   name        = "finishline_sg_${var.project_name}"
		3  |   description = "Allow inbound/outbound traffic for Finishline"
		4  |   vpc_id      = var.vpc_id
		5  | 
		6  |   dynamic "ingress" {
		7  |     for_each = var.ingress_rules
		8  | 
		9  |     content {
		10 |       description = ingress.value.description
		11 |       from_port   = ingress.value.from_port
		12 |       to_port     = ingress.value.to_port
		13 |       protocol    = ingress.value.protocol
		14 |       cidr_blocks = ingress.value.cidr_blocks
		15 |     }
		16 |   }
		17 | 
		18 |   egress {
		19 |     description = "Allow all outbound traffic"
		20 |     from_port   = 0
		21 |     to_port     = 0
		22 |     protocol    = "-1"
		23 |     cidr_blocks = ["0.0.0.0/0"] # Allow all outbound traffic
		24 |   }
		25 | 
		26 |   tags = {
		27 |     Name        = "finishline_sg_${var.project_name}"
		28 |     Project     = var.project_name
		29 |     Environment = var.environment
		30 |     ManageBy    = var.manage_by
		31 |     Terraform   = "true"
		32 |   }
		33 | 
		34 | }
</failure>
		</testcase>
		<testcase name="[NONE][CKV_AWS_24] Ensure no security groups allow ingress from 0.0.0.0:0 to port 22" classname="/modules/security_group/main.tf.module.ec2_jump_host.module.security_group.aws_security_group.finishline_sg" file="/modules/security_group/main.tf">
			<failure type="failure" message="Ensure no security groups allow ingress from 0.0.0.0:0 to port 22">
Resource: module.ec2_jump_host.module.security_group.aws_security_group.finishline_sg
File: /modules/security_group/main.tf: 1-34
Guideline: https://docs.prismacloud.io/en/enterprise-edition/policy-reference/aws-policies/aws-networking-policies/networking-1-port-security

		1  | resource "aws_security_group" "finishline_sg" {
		2  |   name        = "finishline_sg_${var.project_name}"
		3  |   description = "Allow inbound/outbound traffic for Finishline"
		4  |   vpc_id      = var.vpc_id
		5  | 
		6  |   dynamic "ingress" {
		7  |     for_each = var.ingress_rules
		8  | 
		9  |     content {
		10 |       description = ingress.value.description
		11 |       from_port   = ingress.value.from_port
		12 |       to_port     = ingress.value.to_port
		13 |       protocol    = ingress.value.protocol
		14 |       cidr_blocks = ingress.value.cidr_blocks
		15 |     }
		16 |   }
		17 | 
		18 |   egress {
		19 |     description = "Allow all outbound traffic"
		20 |     from_port   = 0
		21 |     to_port     = 0
		22 |     protocol    = "-1"
		23 |     cidr_blocks = ["0.0.0.0/0"] # Allow all outbound traffic
		24 |   }
		25 | 
		26 |   tags = {
		27 |     Name        = "finishline_sg_${var.project_name}"
		28 |     Project     = var.project_name
		29 |     Environment = var.environment
		30 |     ManageBy    = var.manage_by
		31 |     Terraform   = "true"
		32 |   }
		33 | 
		34 | }
</failure>
		</testcase>
		<testcase name="[NONE][CKV_AWS_130] Ensure VPC subnets do not assign public IP by default" classname="/modules/vpc/main.tf.module.vpc.aws_subnet.finishline_public_subnet[0]" file="/modules/vpc/main.tf">
			<failure type="failure" message="Ensure VPC subnets do not assign public IP by default">
Resource: module.vpc.aws_subnet.finishline_public_subnet[0]
File: /modules/vpc/main.tf: 21-34
Guideline: https://docs.prismacloud.io/en/enterprise-edition/policy-reference/aws-policies/aws-networking-policies/ensure-vpc-subnets-do-not-assign-public-ip-by-default

		21 | resource "aws_subnet" "finishline_public_subnet" {
		22 |   count                   = length(var.public_subnets_cidrs)
		23 |   vpc_id                  = aws_vpc.finishline_vpc.id
		24 |   cidr_block              = var.public_subnets_cidrs[count.index]
		25 |   availability_zone       = var.availability_zones[count.index]
		26 |   map_public_ip_on_launch = true
		27 | 
		28 |   tags = {
		29 |     Name                                                           = "${var.project_name}-${var.environment}-public-${count.index + 1}"
		30 |     ManageBy                                                       = "${var.manage_by}"
		31 |     "kubernetes.io/cluster/${var.project_name}-${var.environment}" = "owned"
		32 | 
		33 |   }
		34 | }
</failure>
		</testcase>
		<testcase name="[NONE][CKV_AWS_130] Ensure VPC subnets do not assign public IP by default" classname="/modules/vpc/main.tf.module.vpc.aws_subnet.finishline_public_subnet[1]" file="/modules/vpc/main.tf">
			<failure type="failure" message="Ensure VPC subnets do not assign public IP by default">
Resource: module.vpc.aws_subnet.finishline_public_subnet[1]
File: /modules/vpc/main.tf: 21-34
Guideline: https://docs.prismacloud.io/en/enterprise-edition/policy-reference/aws-policies/aws-networking-policies/ensure-vpc-subnets-do-not-assign-public-ip-by-default

		21 | resource "aws_subnet" "finishline_public_subnet" {
		22 |   count                   = length(var.public_subnets_cidrs)
		23 |   vpc_id                  = aws_vpc.finishline_vpc.id
		24 |   cidr_block              = var.public_subnets_cidrs[count.index]
		25 |   availability_zone       = var.availability_zones[count.index]
		26 |   map_public_ip_on_launch = true
		27 | 
		28 |   tags = {
		29 |     Name                                                           = "${var.project_name}-${var.environment}-public-${count.index + 1}"
		30 |     ManageBy                                                       = "${var.manage_by}"
		31 |     "kubernetes.io/cluster/${var.project_name}-${var.environment}" = "owned"
		32 | 
		33 |   }
		34 | }
</failure>
		</testcase>
		<testcase name="[NONE][CKV_AWS_130] Ensure VPC subnets do not assign public IP by default" classname="/modules/vpc/main.tf.module.vpc.aws_subnet.finishline_public_subnet[2]" file="/modules/vpc/main.tf">
			<failure type="failure" message="Ensure VPC subnets do not assign public IP by default">
Resource: module.vpc.aws_subnet.finishline_public_subnet[2]
File: /modules/vpc/main.tf: 21-34
Guideline: https://docs.prismacloud.io/en/enterprise-edition/policy-reference/aws-policies/aws-networking-policies/ensure-vpc-subnets-do-not-assign-public-ip-by-default

		21 | resource "aws_subnet" "finishline_public_subnet" {
		22 |   count                   = length(var.public_subnets_cidrs)
		23 |   vpc_id                  = aws_vpc.finishline_vpc.id
		24 |   cidr_block              = var.public_subnets_cidrs[count.index]
		25 |   availability_zone       = var.availability_zones[count.index]
		26 |   map_public_ip_on_launch = true
		27 | 
		28 |   tags = {
		29 |     Name                                                           = "${var.project_name}-${var.environment}-public-${count.index + 1}"
		30 |     ManageBy                                                       = "${var.manage_by}"
		31 |     "kubernetes.io/cluster/${var.project_name}-${var.environment}" = "owned"
		32 | 
		33 |   }
		34 | }
</failure>
		</testcase>
		<testcase name="[NONE][CKV2_AWS_41] Ensure an IAM role is attached to EC2 instance" classname="/modules/ec2/main.tf.module.ec2_jump_host.aws_instance.jump_host" file="/modules/ec2/main.tf">
			<failure type="failure" message="Ensure an IAM role is attached to EC2 instance">
Resource: module.ec2_jump_host.aws_instance.jump_host
File: /modules/ec2/main.tf: 43-71
Guideline: https://docs.prismacloud.io/en/enterprise-edition/policy-reference/aws-policies/aws-iam-policies/ensure-an-iam-role-is-attached-to-ec2-instance

		43 | resource "aws_instance" "jump_host" {
		44 |   ami                    = var.ami_id == "" ? data.aws_ami.amazon_linux_2.id : var.ami_id
		45 |   instance_type          = var.jump_host_instance_type
		46 |   subnet_id              = var.public_subnet_ids[0]
		47 |   vpc_security_group_ids = [module.security_group.finishline_sg_id]
		48 |   key_name               = module.key_pair.key_name
		49 | 
		50 |   root_block_device {
		51 |     volume_size           = var.root_volume_size
		52 |     volume_type           = "gp3"
		53 |     encrypted             = true
		54 |     delete_on_termination = true
		55 |   }
		56 | 
		57 |   monitoring                  = var.enable_monitoring
		58 |   user_data_base64            = var.user_data_base64
		59 |   user_data_replace_on_change = true
		60 | 
		61 |   tags = merge({
		62 |     Name        = "${var.project_name}-${var.environment}-jump-host"
		63 |     Environment = var.environment
		64 |     Project     = var.project_name
		65 |     Component   = var.component
		66 |     ManagedBy   = var.manage_by
		67 |     Tier        = "Management"
		68 |     CostCenter  = var.cost_center
		69 |   }, var.tags)
		70 | 
		71 | }
</failure>
		</testcase>
		<testcase name="[NONE][CKV2_AWS_19] Ensure that all EIP addresses allocated to a VPC are attached to EC2 instances" classname="/modules/vpc/main.tf.module.vpc.aws_eip.finishline_eip" file="/modules/vpc/main.tf">
			<failure type="failure" message="Ensure that all EIP addresses allocated to a VPC are attached to EC2 instances">
Resource: module.vpc.aws_eip.finishline_eip
File: /modules/vpc/main.tf: 49-57
Guideline: https://docs.prismacloud.io/en/enterprise-edition/policy-reference/aws-policies/aws-networking-policies/ensure-that-all-eip-addresses-allocated-to-a-vpc-are-attached-to-ec2-instances

		49 | resource "aws_eip" "finishline_eip" {
		50 |   domain = "vpc"
		51 | 
		52 |   tags = {
		53 |     Name     = "${var.project_name}-${var.environment}-eip"
		54 |     ManageBy = "${var.manage_by}"
		55 |   }
		56 | 
		57 | }
</failure>
		</testcase>
		<testcase name="[NONE][CKV2_AWS_12] Ensure the default security group of every VPC restricts all traffic" classname="/modules/vpc/main.tf.module.vpc.aws_vpc.finishline_vpc" file="/modules/vpc/main.tf">
			<failure type="failure" message="Ensure the default security group of every VPC restricts all traffic">
Resource: module.vpc.aws_vpc.finishline_vpc
File: /modules/vpc/main.tf: 1-10
Guideline: https://docs.prismacloud.io/en/enterprise-edition/policy-reference/aws-policies/aws-networking-policies/networking-4

		1  | resource "aws_vpc" "finishline_vpc" {
		2  |   cidr_block           = var.vpc_cidr
		3  |   enable_dns_hostnames = var.enable_dns_hostnames
		4  |   enable_dns_support   = var.enable_dns_support
		5  | 
		6  |   tags = {
		7  |     Name     = "${var.project_name}-${var.environment}-vpc"
		8  |     ManageBy = "${var.manage_by}"
		9  |   }
		10 | }
</failure>
		</testcase>
		<testcase name="[NONE][CKV2_AWS_11] Ensure VPC flow logging is enabled in all VPCs" classname="/modules/vpc/main.tf.module.vpc.aws_vpc.finishline_vpc" file="/modules/vpc/main.tf">
			<failure type="failure" message="Ensure VPC flow logging is enabled in all VPCs">
Resource: module.vpc.aws_vpc.finishline_vpc
File: /modules/vpc/main.tf: 1-10
Guideline: https://docs.prismacloud.io/en/enterprise-edition/policy-reference/aws-policies/aws-logging-policies/logging-9-enable-vpc-flow-logging

		1  | resource "aws_vpc" "finishline_vpc" {
		2  |   cidr_block           = var.vpc_cidr
		3  |   enable_dns_hostnames = var.enable_dns_hostnames
		4  |   enable_dns_support   = var.enable_dns_support
		5  | 
		6  |   tags = {
		7  |     Name     = "${var.project_name}-${var.environment}-vpc"
		8  |     ManageBy = "${var.manage_by}"
		9  |   }
		10 | }
</failure>
		</testcase>
		<testcase name="[NONE][CKV2_AWS_5] Ensure that Security Groups are attached to another resource" classname="/modules/security_group/main.tf.module.finishline_sg.aws_security_group.finishline_sg" file="/modules/security_group/main.tf">
			<failure type="failure" message="Ensure that Security Groups are attached to another resource">
Resource: module.finishline_sg.aws_security_group.finishline_sg
File: /modules/security_group/main.tf: 1-34
Guideline: https://docs.prismacloud.io/en/enterprise-edition/policy-reference/aws-policies/aws-networking-policies/ensure-that-security-groups-are-attached-to-ec2-instances-or-elastic-network-interfaces-enis

		1  | resource "aws_security_group" "finishline_sg" {
		2  |   name        = "finishline_sg_${var.project_name}"
		3  |   description = "Allow inbound/outbound traffic for Finishline"
		4  |   vpc_id      = var.vpc_id
		5  | 
		6  |   dynamic "ingress" {
		7  |     for_each = var.ingress_rules
		8  | 
		9  |     content {
		10 |       description = ingress.value.description
		11 |       from_port   = ingress.value.from_port
		12 |       to_port     = ingress.value.to_port
		13 |       protocol    = ingress.value.protocol
		14 |       cidr_blocks = ingress.value.cidr_blocks
		15 |     }
		16 |   }
		17 | 
		18 |   egress {
		19 |     description = "Allow all outbound traffic"
		20 |     from_port   = 0
		21 |     to_port     = 0
		22 |     protocol    = "-1"
		23 |     cidr_blocks = ["0.0.0.0/0"] # Allow all outbound traffic
		24 |   }
		25 | 
		26 |   tags = {
		27 |     Name        = "finishline_sg_${var.project_name}"
		28 |     Project     = var.project_name
		29 |     Environment = var.environment
		30 |     ManageBy    = var.manage_by
		31 |     Terraform   = "true"
		32 |   }
		33 | 
		34 | }
</failure>
		</testcase>
	</testsuite>
	<testsuite disabled="0" errors="0" failures="11" name="terraform_plan scan" skipped="0" tests="72" time="0">
		<properties>
			<property name="directory" value="['terraform/']"/>
			<property name="add_check" value="False"/>
			<property name="list" value="False"/>
			<property name="output" value="['junitxml']"/>
			<property name="output_bc_ids" value="False"/>
			<property name="include_all_checkov_policies" value="True"/>
			<property name="quiet" value="False"/>
			<property name="compact" value="False"/>
			<property name="framework" value="['all']"/>
			<property name="skip_framework" value="[]"/>
			<property name="run_all_external_checks" value="False"/>
			<property name="soft_fail" value="False"/>
			<property name="skip_results_upload" value="False"/>
			<property name="repo_id" value="cli_repo/terraform"/>
			<property name="branch" value="master"/>
			<property name="skip_download" value="False"/>
			<property name="use_enforcement_rules" value="False"/>
			<property name="external_modules_download_path" value=".external_modules"/>
			<property name="evaluate_variables" value="True"/>
			<property name="no_cert_verify" value="False"/>
			<property name="create_baseline" value="False"/>
			<property name="output_baseline_as_skipped" value="False"/>
			<property name="secrets_scan_file_type" value="[]"/>
			<property name="enable_secret_scan_all_files" value="False"/>
			<property name="block_list_secret_scan" value="[]"/>
			<property name="summary_position" value="top"/>
			<property name="skip_resources_without_violations" value="False"/>
			<property name="deep_analysis" value="False"/>
			<property name="no_fail_on_crash" value="False"/>
			<property name="mask" value="defaultdict(&lt;class 'set'&gt;, {})"/>
			<property name="scan_secrets_history" value="False"/>
			<property name="secrets_history_timeout" value="12h"/>
			<property name="custom_tool_name" value="Checkov"/>
		</properties>
		<testcase name="[NONE][CKV_AWS_41] Ensure no hard coded AWS access key and secret key exists in provider" classname="/environments/dev/plan.json.aws.default" file="/environments/dev/plan.json"/>
		<testcase name="[NONE][CKV_AWS_339] Ensure EKS clusters run on a supported Kubernetes version" classname="/environments/dev/plan.json.module.eks.aws_eks_cluster.eks[0]" file="/environments/dev/plan.json"/>
		<testcase name="[NONE][CKV_AWS_39] Ensure Amazon EKS public endpoint disabled" classname="/environments/dev/plan.json.module.eks.aws_eks_cluster.eks[0]" file="/environments/dev/plan.json"/>
		<testcase name="[NONE][CKV_AWS_38] Ensure Amazon EKS public endpoint not accessible to 0.0.0.0/0" classname="/environments/dev/plan.json.module.eks.aws_eks_cluster.eks[0]" file="/environments/dev/plan.json"/>
		<testcase name="[NONE][CKV_AWS_100] Ensure AWS EKS node group does not have implicit SSH access from 0.0.0.0/0" classname="/environments/dev/plan.json.module.eks.aws_eks_node_group.ondemand-node[0]" file="/environments/dev/plan.json"/>
		<testcase name="[NONE][CKV_AWS_100] Ensure AWS EKS node group does not have implicit SSH access from 0.0.0.0/0" classname="/environments/dev/plan.json.module.eks.aws_eks_node_group.spot-node[0]" file="/environments/dev/plan.json"/>
		<testcase name="[NONE][CKV_AWS_23] Ensure every security group and rule has a description" classname="/environments/dev/plan.json.module.finishline_sg.aws_security_group.finishline_sg" file="/environments/dev/plan.json"/>
		<testcase name="[NONE][CKV_AWS_25] Ensure no security groups allow ingress from 0.0.0.0:0 to port 3389" classname="/environments/dev/plan.json.module.finishline_sg.aws_security_group.finishline_sg" file="/environments/dev/plan.json"/>
		<testcase name="[NONE][CKV_AWS_260] Ensure no security groups allow ingress from 0.0.0.0:0 to port 80" classname="/environments/dev/plan.json.module.finishline_sg.aws_security_group.finishline_sg" file="/environments/dev/plan.json"/>
		<testcase name="[NONE][CKV_AWS_277] Ensure no security groups allow ingress from 0.0.0.0:0 to port -1" classname="/environments/dev/plan.json.module.finishline_sg.aws_security_group.finishline_sg" file="/environments/dev/plan.json"/>
		<testcase name="[NONE][CKV_AWS_62] Ensure IAM policies that allow full &quot;*-*&quot; administrative privileges are not created" classname="/environments/dev/plan.json.module.iam.aws_iam_policy.eks-oidc-policy[0]" file="/environments/dev/plan.json"/>
		<testcase name="[NONE][CKV_AWS_287] Ensure IAM policies does not allow credentials exposure" classname="/environments/dev/plan.json.module.iam.aws_iam_policy.eks-oidc-policy[0]" file="/environments/dev/plan.json"/>
		<testcase name="[NONE][CKV_AWS_288] Ensure IAM policies does not allow data exfiltration" classname="/environments/dev/plan.json.module.iam.aws_iam_policy.eks-oidc-policy[0]" file="/environments/dev/plan.json"/>
		<testcase name="[NONE][CKV_AWS_289] Ensure IAM policies does not allow permissions management / resource exposure without constraints" classname="/environments/dev/plan.json.module.iam.aws_iam_policy.eks-oidc-policy[0]" file="/environments/dev/plan.json"/>
		<testcase name="[NONE][CKV_AWS_286] Ensure IAM policies does not allow privilege escalation" classname="/environments/dev/plan.json.module.iam.aws_iam_policy.eks-oidc-policy[0]" file="/environments/dev/plan.json"/>
		<testcase name="[NONE][CKV_AWS_63] Ensure no IAM policies documents allow &quot;*&quot; as a statement's actions" classname="/environments/dev/plan.json.module.iam.aws_iam_policy.eks-oidc-policy[0]" file="/environments/dev/plan.json"/>
		<testcase name="[NONE][CKV_AWS_355] Ensure no IAM policies documents allow &quot;*&quot; as a statement's resource for restrictable actions" classname="/environments/dev/plan.json.module.iam.aws_iam_policy.eks-oidc-policy[0]" file="/environments/dev/plan.json"/>
		<testcase name="[NONE][CKV_AWS_290] Ensure IAM policies does not allow write access without constraints" classname="/environments/dev/plan.json.module.iam.aws_iam_policy.eks-oidc-policy[0]" file="/environments/dev/plan.json"/>
		<testcase name="[NONE][CKV_AWS_274] Disallow IAM roles, users, and groups from using the AWS AdministratorAccess policy" classname="/environments/dev/plan.json.module.iam.aws_iam_role.eks-cluster-role[0]" file="/environments/dev/plan.json"/>
		<testcase name="[NONE][CKV_AWS_61] Ensure AWS IAM policy does not allow assume role permission across all services" classname="/environments/dev/plan.json.module.iam.aws_iam_role.eks-cluster-role[0]" file="/environments/dev/plan.json"/>
		<testcase name="[NONE][CKV_AWS_60] Ensure IAM role allows only specific services or principals to assume it" classname="/environments/dev/plan.json.module.iam.aws_iam_role.eks-cluster-role[0]" file="/environments/dev/plan.json"/>
		<testcase name="[NONE][CKV_AWS_274] Disallow IAM roles, users, and groups from using the AWS AdministratorAccess policy" classname="/environments/dev/plan.json.module.iam.aws_iam_role.eks-nodegroup-role[0]" file="/environments/dev/plan.json"/>
		<testcase name="[NONE][CKV_AWS_61] Ensure AWS IAM policy does not allow assume role permission across all services" classname="/environments/dev/plan.json.module.iam.aws_iam_role.eks-nodegroup-role[0]" file="/environments/dev/plan.json"/>
		<testcase name="[NONE][CKV_AWS_60] Ensure IAM role allows only specific services or principals to assume it" classname="/environments/dev/plan.json.module.iam.aws_iam_role.eks-nodegroup-role[0]" file="/environments/dev/plan.json"/>
		<testcase name="[NONE][CKV_AWS_274] Disallow IAM roles, users, and groups from using the AWS AdministratorAccess policy" classname="/environments/dev/plan.json.module.iam.aws_iam_role.eks_oidc[0]" file="/environments/dev/plan.json"/>
		<testcase name="[NONE][CKV_AWS_61] Ensure AWS IAM policy does not allow assume role permission across all services" classname="/environments/dev/plan.json.module.iam.aws_iam_role.eks_oidc[0]" file="/environments/dev/plan.json"/>
		<testcase name="[NONE][CKV_AWS_60] Ensure IAM role allows only specific services or principals to assume it" classname="/environments/dev/plan.json.module.iam.aws_iam_role.eks_oidc[0]" file="/environments/dev/plan.json"/>
		<testcase name="[NONE][CKV_AWS_274] Disallow IAM roles, users, and groups from using the AWS AdministratorAccess policy" classname="/environments/dev/plan.json.module.iam.aws_iam_role_policy_attachment.AmazonEKSClusterPolicy[0]" file="/environments/dev/plan.json"/>
		<testcase name="[NONE][CKV_AWS_274] Disallow IAM roles, users, and groups from using the AWS AdministratorAccess policy" classname="/environments/dev/plan.json.module.iam.aws_iam_role_policy_attachment.eks-oidc-policy-attach[0]" file="/environments/dev/plan.json"/>
		<testcase name="[NONE][CKV_AWS_274] Disallow IAM roles, users, and groups from using the AWS AdministratorAccess policy" classname="/environments/dev/plan.json.module.iam.aws_iam_role_policy_attachment.node-policies[&quot;arn:aws:iam::aws:policy/AmazonEC2ContainerRegistryReadOnly&quot;]" file="/environments/dev/plan.json"/>
		<testcase name="[NONE][CKV_AWS_274] Disallow IAM roles, users, and groups from using the AWS AdministratorAccess policy" classname="/environments/dev/plan.json.module.iam.aws_iam_role_policy_attachment.node-policies[&quot;arn:aws:iam::aws:policy/AmazonEKSWorkerNodePolicy&quot;]" file="/environments/dev/plan.json"/>
		<testcase name="[NONE][CKV_AWS_274] Disallow IAM roles, users, and groups from using the AWS AdministratorAccess policy" classname="/environments/dev/plan.json.module.iam.aws_iam_role_policy_attachment.node-policies[&quot;arn:aws:iam::aws:policy/AmazonEKS_CNI_Policy&quot;]" file="/environments/dev/plan.json"/>
		<testcase name="[NONE][CKV_AWS_274] Disallow IAM roles, users, and groups from using the AWS AdministratorAccess policy" classname="/environments/dev/plan.json.module.iam.aws_iam_role_policy_attachment.node-policies[&quot;arn:aws:iam::aws:policy/service-role/AmazonEBSCSIDriverPolicy&quot;]" file="/environments/dev/plan.json"/>
		<testcase name="[NONE][CKV_AWS_130] Ensure VPC subnets do not assign public IP by default" classname="/environments/dev/plan.json.module.vpc.aws_subnet.finishline_private_subnet[0]" file="/environments/dev/plan.json"/>
		<testcase name="[NONE][CKV_AWS_130] Ensure VPC subnets do not assign public IP by default" classname="/environments/dev/plan.json.module.vpc.aws_subnet.finishline_private_subnet[1]" file="/environments/dev/plan.json"/>
		<testcase name="[NONE][CKV_AWS_130] Ensure VPC subnets do not assign public IP by default" classname="/environments/dev/plan.json.module.vpc.aws_subnet.finishline_private_subnet[2]" file="/environments/dev/plan.json"/>
		<testcase name="[NONE][CKV_AWS_1] Ensure IAM policies that allow full &quot;*-*&quot; administrative privileges are not created" classname="/environments/dev/plan.json.module.iam.data.aws_iam_policy_document.eks_oidc_assume_role_policy[0]" file="/environments/dev/plan.json"/>
		<testcase name="[NONE][CKV_AWS_358] Ensure AWS GitHub Actions OIDC authorization policies only allow safe claims and claim order" classname="/environments/dev/plan.json.module.iam.data.aws_iam_policy_document.eks_oidc_assume_role_policy[0]" file="/environments/dev/plan.json"/>
		<testcase name="[NONE][CKV_AWS_107] Ensure IAM policies does not allow credentials exposure" classname="/environments/dev/plan.json.module.iam.data.aws_iam_policy_document.eks_oidc_assume_role_policy[0]" file="/environments/dev/plan.json"/>
		<testcase name="[NONE][CKV_AWS_108] Ensure IAM policies does not allow data exfiltration" classname="/environments/dev/plan.json.module.iam.data.aws_iam_policy_document.eks_oidc_assume_role_policy[0]" file="/environments/dev/plan.json"/>
		<testcase name="[NONE][CKV_AWS_109] Ensure IAM policies does not allow permissions management / resource exposure without constraints" classname="/environments/dev/plan.json.module.iam.data.aws_iam_policy_document.eks_oidc_assume_role_policy[0]" file="/environments/dev/plan.json"/>
		<testcase name="[NONE][CKV_AWS_110] Ensure IAM policies does not allow privilege escalation" classname="/environments/dev/plan.json.module.iam.data.aws_iam_policy_document.eks_oidc_assume_role_policy[0]" file="/environments/dev/plan.json"/>
		<testcase name="[NONE][CKV_AWS_283] Ensure no IAM policies documents allow ALL or any AWS principal permissions to the resource" classname="/environments/dev/plan.json.module.iam.data.aws_iam_policy_document.eks_oidc_assume_role_policy[0]" file="/environments/dev/plan.json"/>
		<testcase name="[NONE][CKV_AWS_111] Ensure IAM policies does not allow write access without constraints" classname="/environments/dev/plan.json.module.iam.data.aws_iam_policy_document.eks_oidc_assume_role_policy[0]" file="/environments/dev/plan.json"/>
		<testcase name="[NONE][CKV_AWS_356] Ensure no IAM policies documents allow &quot;*&quot; as a statement's resource for restrictable actions" classname="/environments/dev/plan.json.module.iam.data.aws_iam_policy_document.eks_oidc_assume_role_policy[0]" file="/environments/dev/plan.json"/>
		<testcase name="[NONE][CKV_AWS_49] Ensure no IAM policies documents allow &quot;*&quot; as a statement's actions" classname="/environments/dev/plan.json.module.iam.data.aws_iam_policy_document.eks_oidc_assume_role_policy[0]" file="/environments/dev/plan.json"/>
		<testcase name="[NONE][CKV2_AWS_35] AWS NAT Gateways should be utilized for the default route" classname="/environments/dev/plan.json.module.vpc.aws_route_table.private" file="/environments/dev/plan.json"/>
		<testcase name="[NONE][CKV2_AWS_35] AWS NAT Gateways should be utilized for the default route" classname="/environments/dev/plan.json.module.vpc.aws_route_table.public" file="/environments/dev/plan.json"/>
		<testcase name="[NONE][CKV2_AWS_56] Ensure AWS Managed IAMFullAccess IAM policy is not used." classname="/environments/dev/plan.json.module.iam.aws_iam_role.eks-cluster-role[0]" file="/environments/dev/plan.json"/>
		<testcase name="[NONE][CKV2_AWS_56] Ensure AWS Managed IAMFullAccess IAM policy is not used." classname="/environments/dev/plan.json.module.iam.aws_iam_role.eks-nodegroup-role[0]" file="/environments/dev/plan.json"/>
		<testcase name="[NONE][CKV2_AWS_56] Ensure AWS Managed IAMFullAccess IAM policy is not used." classname="/environments/dev/plan.json.module.iam.aws_iam_role.eks_oidc[0]" file="/environments/dev/plan.json"/>
		<testcase name="[NONE][CKV2_AWS_56] Ensure AWS Managed IAMFullAccess IAM policy is not used." classname="/environments/dev/plan.json.module.iam.aws_iam_role_policy_attachment.AmazonEKSClusterPolicy[0]" file="/environments/dev/plan.json"/>
		<testcase name="[NONE][CKV2_AWS_56] Ensure AWS Managed IAMFullAccess IAM policy is not used." classname="/environments/dev/plan.json.module.iam.aws_iam_role_policy_attachment.eks-oidc-policy-attach[0]" file="/environments/dev/plan.json"/>
		<testcase name="[NONE][CKV2_AWS_56] Ensure AWS Managed IAMFullAccess IAM policy is not used." classname="/environments/dev/plan.json.module.iam.aws_iam_role_policy_attachment.node-policies[&quot;arn:aws:iam::aws:policy/AmazonEC2ContainerRegistryReadOnly&quot;]" file="/environments/dev/plan.json"/>
		<testcase name="[NONE][CKV2_AWS_56] Ensure AWS Managed IAMFullAccess IAM policy is not used." classname="/environments/dev/plan.json.module.iam.aws_iam_role_policy_attachment.node-policies[&quot;arn:aws:iam::aws:policy/AmazonEKSWorkerNodePolicy&quot;]" file="/environments/dev/plan.json"/>
		<testcase name="[NONE][CKV2_AWS_56] Ensure AWS Managed IAMFullAccess IAM policy is not used." classname="/environments/dev/plan.json.module.iam.aws_iam_role_policy_attachment.node-policies[&quot;arn:aws:iam::aws:policy/AmazonEKS_CNI_Policy&quot;]" file="/environments/dev/plan.json"/>
		<testcase name="[NONE][CKV2_AWS_56] Ensure AWS Managed IAMFullAccess IAM policy is not used." classname="/environments/dev/plan.json.module.iam.aws_iam_role_policy_attachment.node-policies[&quot;arn:aws:iam::aws:policy/service-role/AmazonEBSCSIDriverPolicy&quot;]" file="/environments/dev/plan.json"/>
		<testcase name="[NONE][CKV2_AWS_44] Ensure AWS route table with VPC peering does not contain routes overly permissive to all traffic" classname="/environments/dev/plan.json.module.vpc.aws_route_table.private" file="/environments/dev/plan.json"/>
		<testcase name="[NONE][CKV2_AWS_44] Ensure AWS route table with VPC peering does not contain routes overly permissive to all traffic" classname="/environments/dev/plan.json.module.vpc.aws_route_table.public" file="/environments/dev/plan.json"/>
		<testcase name="[NONE][CKV2_AWS_40] Ensure AWS IAM policy does not allow full IAM privileges" classname="/environments/dev/plan.json.module.iam.aws_iam_policy.eks-oidc-policy[0]" file="/environments/dev/plan.json"/>
		<testcase name="[NONE][CKV2_AWS_40] Ensure AWS IAM policy does not allow full IAM privileges" classname="/environments/dev/plan.json.module.iam.data.aws_iam_policy_document.eks_oidc_assume_role_policy[0]" file="/environments/dev/plan.json"/>
		<testcase name="[NONE][CKV_AWS_37] Ensure Amazon EKS control plane logging is enabled for all log types" classname="/environments/dev/plan.json.module.eks.aws_eks_cluster.eks[0]" file="/environments/dev/plan.json">
			<failure type="failure" message="Ensure Amazon EKS control plane logging is enabled for all log types">
Resource: module.eks.aws_eks_cluster.eks[0]
File: /environments/dev/plan.json: 0-0
Guideline: https://docs.prismacloud.io/en/enterprise-edition/policy-reference/aws-policies/aws-kubernetes-policies/bc-aws-kubernetes-4</failure>
		</testcase>
		<testcase name="[NONE][CKV_AWS_58] Ensure EKS Cluster has Secrets Encryption Enabled" classname="/environments/dev/plan.json.module.eks.aws_eks_cluster.eks[0]" file="/environments/dev/plan.json">
			<failure type="failure" message="Ensure EKS Cluster has Secrets Encryption Enabled">
Resource: module.eks.aws_eks_cluster.eks[0]
File: /environments/dev/plan.json: 0-0
Guideline: https://docs.prismacloud.io/en/enterprise-edition/policy-reference/aws-policies/aws-kubernetes-policies/bc-aws-kubernetes-3</failure>
		</testcase>
		<testcase name="[NONE][CKV_AWS_382] Ensure no security groups allow egress from 0.0.0.0:0 to port -1" classname="/environments/dev/plan.json.module.finishline_sg.aws_security_group.finishline_sg" file="/environments/dev/plan.json">
			<failure type="failure" message="Ensure no security groups allow egress from 0.0.0.0:0 to port -1">
Resource: module.finishline_sg.aws_security_group.finishline_sg
File: /environments/dev/plan.json: 0-0
Guideline: https://docs.prismacloud.io/en/enterprise-edition/policy-reference/aws-policies/aws-networking-policies/bc-aws-382</failure>
		</testcase>
		<testcase name="[NONE][CKV_AWS_24] Ensure no security groups allow ingress from 0.0.0.0:0 to port 22" classname="/environments/dev/plan.json.module.finishline_sg.aws_security_group.finishline_sg" file="/environments/dev/plan.json">
			<failure type="failure" message="Ensure no security groups allow ingress from 0.0.0.0:0 to port 22">
Resource: module.finishline_sg.aws_security_group.finishline_sg
File: /environments/dev/plan.json: 0-0
Guideline: https://docs.prismacloud.io/en/enterprise-edition/policy-reference/aws-policies/aws-networking-policies/networking-1-port-security</failure>
		</testcase>
		<testcase name="[NONE][CKV_AWS_130] Ensure VPC subnets do not assign public IP by default" classname="/environments/dev/plan.json.module.vpc.aws_subnet.finishline_public_subnet[0]" file="/environments/dev/plan.json">
			<failure type="failure" message="Ensure VPC subnets do not assign public IP by default">
Resource: module.vpc.aws_subnet.finishline_public_subnet[0]
File: /environments/dev/plan.json: 0-0
Guideline: https://docs.prismacloud.io/en/enterprise-edition/policy-reference/aws-policies/aws-networking-policies/ensure-vpc-subnets-do-not-assign-public-ip-by-default</failure>
		</testcase>
		<testcase name="[NONE][CKV_AWS_130] Ensure VPC subnets do not assign public IP by default" classname="/environments/dev/plan.json.module.vpc.aws_subnet.finishline_public_subnet[1]" file="/environments/dev/plan.json">
			<failure type="failure" message="Ensure VPC subnets do not assign public IP by default">
Resource: module.vpc.aws_subnet.finishline_public_subnet[1]
File: /environments/dev/plan.json: 0-0
Guideline: https://docs.prismacloud.io/en/enterprise-edition/policy-reference/aws-policies/aws-networking-policies/ensure-vpc-subnets-do-not-assign-public-ip-by-default</failure>
		</testcase>
		<testcase name="[NONE][CKV_AWS_130] Ensure VPC subnets do not assign public IP by default" classname="/environments/dev/plan.json.module.vpc.aws_subnet.finishline_public_subnet[2]" file="/environments/dev/plan.json">
			<failure type="failure" message="Ensure VPC subnets do not assign public IP by default">
Resource: module.vpc.aws_subnet.finishline_public_subnet[2]
File: /environments/dev/plan.json: 0-0
Guideline: https://docs.prismacloud.io/en/enterprise-edition/policy-reference/aws-policies/aws-networking-policies/ensure-vpc-subnets-do-not-assign-public-ip-by-default</failure>
		</testcase>
		<testcase name="[NONE][CKV2_AWS_19] Ensure that all EIP addresses allocated to a VPC are attached to EC2 instances" classname="/environments/dev/plan.json.module.vpc.aws_eip.finishline_eip" file="/environments/dev/plan.json">
			<failure type="failure" message="Ensure that all EIP addresses allocated to a VPC are attached to EC2 instances">
Resource: module.vpc.aws_eip.finishline_eip
File: /environments/dev/plan.json: 0-0
Guideline: https://docs.prismacloud.io/en/enterprise-edition/policy-reference/aws-policies/aws-networking-policies/ensure-that-all-eip-addresses-allocated-to-a-vpc-are-attached-to-ec2-instances</failure>
		</testcase>
		<testcase name="[NONE][CKV2_AWS_5] Ensure that Security Groups are attached to another resource" classname="/environments/dev/plan.json.module.finishline_sg.aws_security_group.finishline_sg" file="/environments/dev/plan.json">
			<failure type="failure" message="Ensure that Security Groups are attached to another resource">
Resource: module.finishline_sg.aws_security_group.finishline_sg
File: /environments/dev/plan.json: 0-0
Guideline: https://docs.prismacloud.io/en/enterprise-edition/policy-reference/aws-policies/aws-networking-policies/ensure-that-security-groups-are-attached-to-ec2-instances-or-elastic-network-interfaces-enis</failure>
		</testcase>
		<testcase name="[NONE][CKV2_AWS_12] Ensure the default security group of every VPC restricts all traffic" classname="/environments/dev/plan.json.module.vpc.aws_vpc.finishline_vpc" file="/environments/dev/plan.json">
			<failure type="failure" message="Ensure the default security group of every VPC restricts all traffic">
Resource: module.vpc.aws_vpc.finishline_vpc
File: /environments/dev/plan.json: 0-0
Guideline: https://docs.prismacloud.io/en/enterprise-edition/policy-reference/aws-policies/aws-networking-policies/networking-4</failure>
		</testcase>
		<testcase name="[NONE][CKV2_AWS_11] Ensure VPC flow logging is enabled in all VPCs" classname="/environments/dev/plan.json.module.vpc.aws_vpc.finishline_vpc" file="/environments/dev/plan.json">
			<failure type="failure" message="Ensure VPC flow logging is enabled in all VPCs">
Resource: module.vpc.aws_vpc.finishline_vpc
File: /environments/dev/plan.json: 0-0
Guideline: https://docs.prismacloud.io/en/enterprise-edition/policy-reference/aws-policies/aws-logging-policies/logging-9-enable-vpc-flow-logging</failure>
		</testcase>
	</testsuite>
</testsuites>

